<?xml version="1.0" encoding="UTF-8"?>
<robot generator="Robot 7.1.1 (Python 3.12.4 on win32)" generated="2025-01-24T18:09:55.580110" rpa="false" schemaversion="5">
<suite id="s1" name="Window Operations" source="D:\RobotFramework\Scripts\window_operations.robot">
<test id="s1-t1" name="Test radio button operations" line="12">
<kw name="Read Xml" owner="support">
<msg time="2025-01-24T18:09:55.812911" level="INFO">${URL} = https://www.letskodeit.com/practice</msg>
<var>${URL}</var>
<arg>letskodeit</arg>
<status status="PASS" start="2025-01-24T18:09:55.810473" elapsed="0.002438"/>
</kw>
<kw name="Open Browser" owner="SeleniumLibrary">
<msg time="2025-01-24T18:09:55.814415" level="INFO">Opening browser 'chrome' to base url 'https://www.letskodeit.com/practice'.</msg>
<arg>${URL}</arg>
<arg>${BROWSER}</arg>
<doc>Opens a new browser instance to the optional ``url``.</doc>
<status status="PASS" start="2025-01-24T18:09:55.814415" elapsed="9.131000"/>
</kw>
<kw name="Sleep" owner="BuiltIn">
<msg time="2025-01-24T18:10:07.946635" level="INFO">Slept 3 seconds.</msg>
<arg>3</arg>
<doc>Pauses the test executed for the given time.</doc>
<status status="PASS" start="2025-01-24T18:10:04.946415" elapsed="3.000220"/>
</kw>
<kw name="Maximize Browser Window" owner="SeleniumLibrary">
<doc>Maximizes current browser window.</doc>
<status status="PASS" start="2025-01-24T18:10:07.947717" elapsed="0.046452"/>
</kw>
<kw name="Click Element" owner="SeleniumLibrary">
<msg time="2025-01-24T18:10:07.995441" level="INFO">Clicking element '//button[@id='openwindow']'.</msg>
<arg>${Openwindow}</arg>
<doc>Click the element identified by ``locator``.</doc>
<status status="PASS" start="2025-01-24T18:10:07.995441" elapsed="0.125342"/>
</kw>
<kw name="Sleep" owner="BuiltIn">
<msg time="2025-01-24T18:10:11.121189" level="INFO">Slept 3 seconds.</msg>
<arg>3</arg>
<doc>Pauses the test executed for the given time.</doc>
<status status="PASS" start="2025-01-24T18:10:08.120783" elapsed="3.000406"/>
</kw>
<kw name="Get Window Handles" owner="SeleniumLibrary">
<msg time="2025-01-24T18:10:11.127443" level="INFO">${win} = ['4EA9FB9A77F5F1D72D64F4F59CBC3D59', '8A8ABA96823FFBA1DE5A0C6BA8425416']</msg>
<var>${win}</var>
<doc>Returns all child window handles of the selected browser as a list.</doc>
<status status="PASS" start="2025-01-24T18:10:11.121189" elapsed="0.006254"/>
</kw>
<kw name="Switch Window" owner="SeleniumLibrary">
<arg>${win}[1]</arg>
<doc>Switches to browser window matching ``locator``.</doc>
<status status="PASS" start="2025-01-24T18:10:11.128482" elapsed="0.026684"/>
</kw>
<kw name="Element Should Be Visible" owner="SeleniumLibrary">
<msg time="2025-01-24T18:10:11.174074" level="INFO">Element '//a[text() ='Sign In']' is displayed.</msg>
<arg>//a[text() ='Sign In']</arg>
<doc>Verifies that the element identified by ``locator`` is visible.</doc>
<status status="PASS" start="2025-01-24T18:10:11.155166" elapsed="0.018908"/>
</kw>
<kw name="Click Element" owner="SeleniumLibrary">
<msg time="2025-01-24T18:10:11.175099" level="INFO">Clicking element '//a[text() ='Sign In']'.</msg>
<arg>//a[text() ='Sign In']</arg>
<doc>Click the element identified by ``locator``.</doc>
<status status="PASS" start="2025-01-24T18:10:11.174074" elapsed="0.923604"/>
</kw>
<kw name="Capture Page Screenshot" owner="SeleniumLibrary">
<msg time="2025-01-24T18:10:12.207966" level="INFO" html="true">&lt;/td&gt;&lt;/tr&gt;&lt;tr&gt;&lt;td colspan="3"&gt;&lt;a href="selenium-screenshot-4.png"&gt;&lt;img src="selenium-screenshot-4.png" width="800px"&gt;&lt;/a&gt;</msg>
<doc>Takes a screenshot of the current page and embeds it into a log file.</doc>
<status status="PASS" start="2025-01-24T18:10:12.097678" elapsed="0.111190"/>
</kw>
<kw name="Sleep" owner="BuiltIn">
<msg time="2025-01-24T18:10:15.209656" level="INFO">Slept 3 seconds.</msg>
<arg>3</arg>
<doc>Pauses the test executed for the given time.</doc>
<status status="PASS" start="2025-01-24T18:10:12.208868" elapsed="3.000788"/>
</kw>
<kw name="Close Window" owner="SeleniumLibrary">
<doc>Closes currently opened and selected browser window/tab.</doc>
<status status="PASS" start="2025-01-24T18:10:15.210602" elapsed="0.061527"/>
</kw>
<kw name="Switch Window" owner="SeleniumLibrary">
<arg>${win}[0]</arg>
<doc>Switches to browser window matching ``locator``.</doc>
<status status="PASS" start="2025-01-24T18:10:15.272129" elapsed="0.006176"/>
</kw>
<kw name="Sleep" owner="BuiltIn">
<msg time="2025-01-24T18:10:18.279414" level="INFO">Slept 3 seconds.</msg>
<arg>3</arg>
<doc>Pauses the test executed for the given time.</doc>
<status status="PASS" start="2025-01-24T18:10:15.279119" elapsed="3.000295"/>
</kw>
<kw name="Element Should Be Visible" owner="SeleniumLibrary">
<msg time="2025-01-24T18:10:18.305362" level="INFO">Element '//button[@id='openwindow']' is displayed.</msg>
<arg>${Open_window}</arg>
<doc>Verifies that the element identified by ``locator`` is visible.</doc>
<status status="PASS" start="2025-01-24T18:10:18.279414" elapsed="0.025948"/>
</kw>
<kw name="Close Browser" owner="SeleniumLibrary">
<doc>Closes the current browser.</doc>
<status status="PASS" start="2025-01-24T18:10:18.306370" elapsed="2.170967"/>
</kw>
<status status="PASS" start="2025-01-24T18:09:55.809720" elapsed="24.667617"/>
</test>
<status status="PASS" start="2025-01-24T18:09:55.581107" elapsed="24.897258"/>
</suite>
<statistics>
<total>
<stat pass="1" fail="0" skip="0">All Tests</stat>
</total>
<tag>
</tag>
<suite>
<stat pass="1" fail="0" skip="0" id="s1" name="Window Operations">Window Operations</stat>
</suite>
</statistics>
<errors>
</errors>
</robot>
